<?xml version="1.0" encoding="UTF-8"?>
<!-- Generated by org.testng.reporters.JUnitXMLReporter -->
<testsuite hostname="EPRURYAW0942" ignored="0" name="Default test" tests="3" failures="0" timestamp="2019-12-17T19:39:41 MSK" time="0.026" errors="0">
  <testcase name="checkCircl" time="0.0" classname="Tests.TestFigures.Figures">
    <skipped/>
  </testcase> <!-- checkCircl -->
  <testcase name="checkQuadrat" time="0.0" classname="Tests.TestFigures.Figures">
    <skipped/>
  </testcase> <!-- checkQuadrat -->
  <testcase name="checkRectangle" time="0.0" classname="Tests.TestFigures.Figures">
    <skipped/>
  </testcase> <!-- checkRectangle -->
</testsuite> <!-- Default test -->
