<?xml version="1.0" encoding="UTF-8"?>
<!-- Generated by org.testng.reporters.JUnitXMLReporter -->
<testsuite hostname="EPRURYAW0942" ignored="0" name="Default test" tests="15" failures="0" timestamp="2019-12-23T15:46:52 MSK" time="0.046" errors="0">
  <testcase name="checkCircl" time="0.006" classname="Tests.TestFigures.Figures"/>
  <testcase name="checkCircl" time="0.0" classname="Tests.TestFigures.Figures"/>
  <testcase name="checkCircl" time="0.0" classname="Tests.TestFigures.Figures"/>
  <testcase name="checkQuadrat" time="0.001" classname="Tests.TestFigures.Figures"/>
  <testcase name="checkQuadrat" time="0.001" classname="Tests.TestFigures.Figures"/>
  <testcase name="checkQuadrat" time="0.001" classname="Tests.TestFigures.Figures"/>
  <testcase name="checkRectangle" time="0.0" classname="Tests.TestFigures.Figures"/>
  <testcase name="checkRectangle" time="0.0" classname="Tests.TestFigures.Figures"/>
  <testcase name="checkRectangle" time="0.0" classname="Tests.TestFigures.Figures"/>
  <testcase name="checkRectangle" time="0.0" classname="Tests.TestFigures.Figures"/>
  <testcase name="checkRectangle" time="0.001" classname="Tests.TestFigures.Figures"/>
  <testcase name="checkRectangle" time="0.0" classname="Tests.TestFigures.Figures"/>
  <testcase name="checkRectangle" time="0.001" classname="Tests.TestFigures.Figures"/>
  <testcase name="checkRectangle" time="0.001" classname="Tests.TestFigures.Figures"/>
  <testcase name="checkRectangle" time="0.0" classname="Tests.TestFigures.Figures"/>
</testsuite> <!-- Default test -->
