<?xml version="1.0" encoding="UTF-8"?>
<!-- Generated by org.testng.reporters.JUnitXMLReporter -->
<testsuite hostname="EPRURYAW0942" ignored="0" name="Default test(failed)" tests="2" failures="1" timestamp="2019-11-28T19:10:01 MSK" time="0.03" errors="0">
  <testcase name="providerRetangle" time="0.004" classname="Tests.ProviderRectangle"/>
  <testcase name="providerRetangle" time="0.018" classname="Tests.ProviderRectangle">
    <failure type="org.testng.internal.reflect.MethodMatcherException" message="
[public void Tests.ProviderRectangle.providerRetangle(java.lang.Double,java.lang.Double)] has no parameters defined but was found to be using a data provider (either explicitly specified or inherited from class level annotation).
Data provider mismatch
Method: providerRetangle([Parameter{index=0, type=java.lang.Double, declaredAnnotations=[]}, Parameter{index=1, type=java.lang.Double, declaredAnnotations=[]}])
Arguments: [(java.lang.Integer) 10000,(java.lang.Double) 2.0]">
      <![CDATA[org.testng.internal.reflect.MethodMatcherException: 
[public void Tests.ProviderRectangle.providerRetangle(java.lang.Double,java.lang.Double)] has no parameters defined but was found to be using a data provider (either explicitly specified or inherited from class level annotation).
Data provider mismatch
Method: providerRetangle([Parameter{index=0, type=java.lang.Double, declaredAnnotations=[]}, Parameter{index=1, type=java.lang.Double, declaredAnnotations=[]}])
Arguments: [(java.lang.Integer) 10000,(java.lang.Double) 2.0]
at java.util.ArrayList.forEach(Unknown Source)
... Removed 22 stack frames]]>
    </failure>
  </testcase> <!-- providerRetangle -->
</testsuite> <!-- Default test(failed) -->
