<?xml version="1.0" encoding="UTF-8"?>
<!-- Generated by org.testng.reporters.JUnitXMLReporter -->
<testsuite hostname="EPRURYAW0942" ignored="0" name="testing" tests="13" failures="4" timestamp="2019-12-20T11:21:24 MSK" time="0.044" errors="0">
  <testcase name="checkPerimetr" time="0.008" classname="Tests.TestFigures.RectangleTest"/>
  <testcase name="checkPerimetr" time="0.018" classname="Tests.TestFigures.RectangleTest">
    <failure type="org.testng.internal.reflect.MethodMatcherException" message="
[public void Tests.TestFigures.RectangleTest.checkPerimetr(java.lang.Double,java.lang.Double)] has no parameters defined but was found to be using a data provider (either explicitly specified or inherited from class level annotation).
Data provider mismatch
Method: checkPerimetr([Parameter{index=0, type=java.lang.Double, declaredAnnotations=[]}, Parameter{index=1, type=java.lang.Double, declaredAnnotations=[]}])
Arguments: [(java.lang.Integer) 10000,(java.lang.Double) 2.0]">
      <![CDATA[org.testng.internal.reflect.MethodMatcherException: 
[public void Tests.TestFigures.RectangleTest.checkPerimetr(java.lang.Double,java.lang.Double)] has no parameters defined but was found to be using a data provider (either explicitly specified or inherited from class level annotation).
Data provider mismatch
Method: checkPerimetr([Parameter{index=0, type=java.lang.Double, declaredAnnotations=[]}, Parameter{index=1, type=java.lang.Double, declaredAnnotations=[]}])
Arguments: [(java.lang.Integer) 10000,(java.lang.Double) 2.0]
at java.util.ArrayList.forEach(Unknown Source)
... Removed 22 stack frames]]>
    </failure>
  </testcase> <!-- checkPerimetr -->
  <testcase name="checkQuadrat" time="0.001" classname="Tests.TestFigures.RectangleTest">
    <failure type="java.lang.AssertionError" message="expected [true] but found [false]">
      <![CDATA[java.lang.AssertionError: expected [true] but found [false]
at Tests.TestFigures.RectangleTest.checkQuadrat(RectangleTest.java:50)
at java.util.ArrayList.forEach(Unknown Source)
... Removed 32 stack frames]]>
    </failure>
  </testcase> <!-- checkQuadrat -->
  <testcase name="checkQuadrat" time="0.002" classname="Tests.TestFigures.RectangleTest">
    <failure type="org.testng.internal.reflect.MethodMatcherException" message="
[public void Tests.TestFigures.RectangleTest.checkQuadrat(java.lang.Double,java.lang.Double)] has no parameters defined but was found to be using a data provider (either explicitly specified or inherited from class level annotation).
Data provider mismatch
Method: checkQuadrat([Parameter{index=0, type=java.lang.Double, declaredAnnotations=[]}, Parameter{index=1, type=java.lang.Double, declaredAnnotations=[]}])
Arguments: [(java.lang.Integer) 10000,(java.lang.Double) 2.0]">
      <![CDATA[org.testng.internal.reflect.MethodMatcherException: 
[public void Tests.TestFigures.RectangleTest.checkQuadrat(java.lang.Double,java.lang.Double)] has no parameters defined but was found to be using a data provider (either explicitly specified or inherited from class level annotation).
Data provider mismatch
Method: checkQuadrat([Parameter{index=0, type=java.lang.Double, declaredAnnotations=[]}, Parameter{index=1, type=java.lang.Double, declaredAnnotations=[]}])
Arguments: [(java.lang.Integer) 10000,(java.lang.Double) 2.0]
at java.util.ArrayList.forEach(Unknown Source)
... Removed 22 stack frames]]>
    </failure>
  </testcase> <!-- checkQuadrat -->
  <testcase name="checkRectangle" time="0.0" classname="Tests.TestFigures.RectangleTest"/>
  <testcase name="checkRectangle" time="0.001" classname="Tests.TestFigures.RectangleTest">
    <failure type="org.testng.internal.reflect.MethodMatcherException" message="
[public void Tests.TestFigures.RectangleTest.checkRectangle(java.lang.Double,java.lang.Double)] has no parameters defined but was found to be using a data provider (either explicitly specified or inherited from class level annotation).
Data provider mismatch
Method: checkRectangle([Parameter{index=0, type=java.lang.Double, declaredAnnotations=[]}, Parameter{index=1, type=java.lang.Double, declaredAnnotations=[]}])
Arguments: [(java.lang.Integer) 10000,(java.lang.Double) 2.0]">
      <![CDATA[org.testng.internal.reflect.MethodMatcherException: 
[public void Tests.TestFigures.RectangleTest.checkRectangle(java.lang.Double,java.lang.Double)] has no parameters defined but was found to be using a data provider (either explicitly specified or inherited from class level annotation).
Data provider mismatch
Method: checkRectangle([Parameter{index=0, type=java.lang.Double, declaredAnnotations=[]}, Parameter{index=1, type=java.lang.Double, declaredAnnotations=[]}])
Arguments: [(java.lang.Integer) 10000,(java.lang.Double) 2.0]
at java.util.ArrayList.forEach(Unknown Source)
... Removed 22 stack frames]]>
    </failure>
  </testcase> <!-- checkRectangle -->
  <testcase name="checkSquare" time="0.0" classname="Tests.TestFigures.QuadratTest">
    <skipped/>
  </testcase> <!-- checkSquare -->
  <testcase name="checkPerimetr" time="0.0" classname="Tests.TestFigures.QuadratTest">
    <skipped/>
  </testcase> <!-- checkPerimetr -->
  <testcase name="checkCircumference" time="0.0" classname="Tests.TestFigures.CircleTest">
    <skipped/>
  </testcase> <!-- checkCircumference -->
  <testcase name="checkSquare" time="0.0" classname="Tests.TestFigures.CircleTest">
    <skipped/>
  </testcase> <!-- checkSquare -->
  <testcase name="checkCircl" time="0.0" classname="Tests.TestFigures.Figures">
    <skipped/>
  </testcase> <!-- checkCircl -->
  <testcase name="checkQuadrat" time="0.0" classname="Tests.TestFigures.Figures">
    <skipped/>
  </testcase> <!-- checkQuadrat -->
  <testcase name="checkRectangle" time="0.0" classname="Tests.TestFigures.Figures">
    <skipped/>
  </testcase> <!-- checkRectangle -->
</testsuite> <!-- testing -->
