<?xml version="1.0" encoding="UTF-8"?>
<!-- Generated by org.testng.reporters.JUnitXMLReporter -->
<testsuite hostname="EPRURYAW0942" ignored="0" name="testing" tests="23" failures="12" timestamp="2019-12-23T13:55:08 MSK" time="0.055" errors="0">
  <testcase name="checkCircumference" time="0.008" classname="Tests.TestFigures.CircleTest">
    <failure type="org.testng.internal.reflect.MethodMatcherException" message="
[public void Tests.TestFigures.CircleTest.checkCircumference(java.lang.Double,java.lang.Double)] has no parameters defined but was found to be using a data provider (either explicitly specified or inherited from class level annotation).
Data provider mismatch
Method: checkCircumference([Parameter{index=0, type=java.lang.Double, declaredAnnotations=[@org.testng.annotations.Optional(value=)]}, Parameter{index=1, type=java.lang.Double, declaredAnnotations=[]}])
Arguments: [(java.lang.Double) 2.0]">
      <![CDATA[org.testng.internal.reflect.MethodMatcherException: 
[public void Tests.TestFigures.CircleTest.checkCircumference(java.lang.Double,java.lang.Double)] has no parameters defined but was found to be using a data provider (either explicitly specified or inherited from class level annotation).
Data provider mismatch
Arguments: [(java.lang.Double) 2.0]
at java.util.ArrayList.forEach(Unknown Source)
... Removed 23 stack frames]]>
    </failure>
  </testcase> <!-- checkCircumference -->
  <testcase name="checkRectangle" time="0.008" classname="Tests.TestFigures.RectangleTest"/>
  <testcase name="checkRectangle" time="0.012" classname="Tests.TestFigures.RectangleTest">
    <failure type="org.testng.internal.reflect.MethodMatcherException" message="
[public void Tests.TestFigures.RectangleTest.checkRectangle(java.lang.Double,java.lang.Double)] has no parameters defined but was found to be using a data provider (either explicitly specified or inherited from class level annotation).
Data provider mismatch
Method: checkRectangle([Parameter{index=0, type=java.lang.Double, declaredAnnotations=[]}, Parameter{index=1, type=java.lang.Double, declaredAnnotations=[]}])
Arguments: [(java.lang.Integer) 10000,(java.lang.Double) 2.0]">
      <![CDATA[org.testng.internal.reflect.MethodMatcherException: 
[public void Tests.TestFigures.RectangleTest.checkRectangle(java.lang.Double,java.lang.Double)] has no parameters defined but was found to be using a data provider (either explicitly specified or inherited from class level annotation).
Data provider mismatch
Method: checkRectangle([Parameter{index=0, type=java.lang.Double, declaredAnnotations=[]}, Parameter{index=1, type=java.lang.Double, declaredAnnotations=[]}])
Arguments: [(java.lang.Integer) 10000,(java.lang.Double) 2.0]
at java.util.ArrayList.forEach(Unknown Source)
... Removed 22 stack frames]]>
    </failure>
  </testcase> <!-- checkRectangle -->
  <testcase name="checkSquare" time="0.001" classname="Tests.TestFigures.QuadratTest"/>
  <testcase name="checkSquare" time="0.0" classname="Tests.TestFigures.QuadratTest"/>
  <testcase name="checkSquare" time="0.002" classname="Tests.TestFigures.QuadratTest">
    <failure type="org.testng.internal.reflect.MethodMatcherException" message="
[public void Tests.TestFigures.QuadratTest.checkSquare(java.lang.Double)] has no parameters defined but was found to be using a data provider (either explicitly specified or inherited from class level annotation).
Data provider mismatch
Method: checkSquare([Parameter{index=0, type=java.lang.Double, declaredAnnotations=[]}])
Arguments: [(java.lang.Integer) 10000]">
      <![CDATA[org.testng.internal.reflect.MethodMatcherException: 
[public void Tests.TestFigures.QuadratTest.checkSquare(java.lang.Double)] has no parameters defined but was found to be using a data provider (either explicitly specified or inherited from class level annotation).
Data provider mismatch
Method: checkSquare([Parameter{index=0, type=java.lang.Double, declaredAnnotations=[]}])
Arguments: [(java.lang.Integer) 10000]
at java.util.ArrayList.forEach(Unknown Source)
... Removed 22 stack frames]]>
    </failure>
  </testcase> <!-- checkSquare -->
  <testcase name="checkPerimetr" time="0.001" classname="Tests.TestFigures.QuadratTest"/>
  <testcase name="checkPerimetr" time="0.0" classname="Tests.TestFigures.QuadratTest"/>
  <testcase name="checkPerimetr" time="0.002" classname="Tests.TestFigures.QuadratTest">
    <failure type="org.testng.internal.reflect.MethodMatcherException" message="
[public void Tests.TestFigures.QuadratTest.checkPerimetr(java.lang.Double)] has no parameters defined but was found to be using a data provider (either explicitly specified or inherited from class level annotation).
Data provider mismatch
Method: checkPerimetr([Parameter{index=0, type=java.lang.Double, declaredAnnotations=[]}])
Arguments: [(java.lang.Integer) 10000]">
      <![CDATA[org.testng.internal.reflect.MethodMatcherException: 
[public void Tests.TestFigures.QuadratTest.checkPerimetr(java.lang.Double)] has no parameters defined but was found to be using a data provider (either explicitly specified or inherited from class level annotation).
Data provider mismatch
Method: checkPerimetr([Parameter{index=0, type=java.lang.Double, declaredAnnotations=[]}])
Arguments: [(java.lang.Integer) 10000]
at java.util.ArrayList.forEach(Unknown Source)
... Removed 22 stack frames]]>
    </failure>
  </testcase> <!-- checkPerimetr -->
  <testcase name="checkPerimetr" time="0.0" classname="Tests.TestFigures.RectangleTest"/>
  <testcase name="checkPerimetr" time="0.001" classname="Tests.TestFigures.RectangleTest">
    <failure type="org.testng.internal.reflect.MethodMatcherException" message="
[public void Tests.TestFigures.RectangleTest.checkPerimetr(java.lang.Double,java.lang.Double)] has no parameters defined but was found to be using a data provider (either explicitly specified or inherited from class level annotation).
Data provider mismatch
Method: checkPerimetr([Parameter{index=0, type=java.lang.Double, declaredAnnotations=[]}, Parameter{index=1, type=java.lang.Double, declaredAnnotations=[]}])
Arguments: [(java.lang.Integer) 10000,(java.lang.Double) 2.0]">
      <![CDATA[org.testng.internal.reflect.MethodMatcherException: 
[public void Tests.TestFigures.RectangleTest.checkPerimetr(java.lang.Double,java.lang.Double)] has no parameters defined but was found to be using a data provider (either explicitly specified or inherited from class level annotation).
Data provider mismatch
Method: checkPerimetr([Parameter{index=0, type=java.lang.Double, declaredAnnotations=[]}, Parameter{index=1, type=java.lang.Double, declaredAnnotations=[]}])
Arguments: [(java.lang.Integer) 10000,(java.lang.Double) 2.0]
at java.util.ArrayList.forEach(Unknown Source)
... Removed 22 stack frames]]>
    </failure>
  </testcase> <!-- checkPerimetr -->
  <testcase name="checkSquare" time="0.001" classname="Tests.TestFigures.CircleTest"/>
  <testcase name="checkSquare" time="0.001" classname="Tests.TestFigures.CircleTest">
    <failure type="java.lang.AssertionError" message="did not expect to find [19.635] but found [19.636]">
      <![CDATA[java.lang.AssertionError: did not expect to find [19.635] but found [19.636]
at Tests.TestFigures.CircleTest.checkSquare(CircleTest.java:36)
at java.util.ArrayList.forEach(Unknown Source)
... Removed 31 stack frames]]>
    </failure>
  </testcase> <!-- checkSquare -->
  <testcase name="checkSquare" time="0.004" classname="Tests.TestFigures.CircleTest">
    <failure type="org.testng.internal.reflect.MethodMatcherException" message="
[public void Tests.TestFigures.CircleTest.checkSquare(java.lang.Double)] has no parameters defined but was found to be using a data provider (either explicitly specified or inherited from class level annotation).
Data provider mismatch
Method: checkSquare([Parameter{index=0, type=java.lang.Double, declaredAnnotations=[]}])
Arguments: [(java.lang.Integer) 10000]">
      <![CDATA[org.testng.internal.reflect.MethodMatcherException: 
[public void Tests.TestFigures.CircleTest.checkSquare(java.lang.Double)] has no parameters defined but was found to be using a data provider (either explicitly specified or inherited from class level annotation).
Data provider mismatch
Method: checkSquare([Parameter{index=0, type=java.lang.Double, declaredAnnotations=[]}])
Arguments: [(java.lang.Integer) 10000]
at java.util.ArrayList.forEach(Unknown Source)
... Removed 22 stack frames]]>
    </failure>
  </testcase> <!-- checkSquare -->
  <testcase name="checkQuadrat" time="0.001" classname="Tests.TestFigures.RectangleTest">
    <failure type="java.lang.AssertionError" message="expected [true] but found [false]">
      <![CDATA[java.lang.AssertionError: expected [true] but found [false]
at Tests.TestFigures.RectangleTest.checkQuadrat(RectangleTest.java:50)
at java.util.ArrayList.forEach(Unknown Source)
... Removed 32 stack frames]]>
    </failure>
  </testcase> <!-- checkQuadrat -->
  <testcase name="checkQuadrat" time="0.001" classname="Tests.TestFigures.RectangleTest">
    <failure type="org.testng.internal.reflect.MethodMatcherException" message="
[public void Tests.TestFigures.RectangleTest.checkQuadrat(java.lang.Double,java.lang.Double)] has no parameters defined but was found to be using a data provider (either explicitly specified or inherited from class level annotation).
Data provider mismatch
Method: checkQuadrat([Parameter{index=0, type=java.lang.Double, declaredAnnotations=[]}, Parameter{index=1, type=java.lang.Double, declaredAnnotations=[]}])
Arguments: [(java.lang.Integer) 10000,(java.lang.Double) 2.0]">
      <![CDATA[org.testng.internal.reflect.MethodMatcherException: 
[public void Tests.TestFigures.RectangleTest.checkQuadrat(java.lang.Double,java.lang.Double)] has no parameters defined but was found to be using a data provider (either explicitly specified or inherited from class level annotation).
Data provider mismatch
Method: checkQuadrat([Parameter{index=0, type=java.lang.Double, declaredAnnotations=[]}, Parameter{index=1, type=java.lang.Double, declaredAnnotations=[]}])
Arguments: [(java.lang.Integer) 10000,(java.lang.Double) 2.0]
at java.util.ArrayList.forEach(Unknown Source)
... Removed 22 stack frames]]>
    </failure>
  </testcase> <!-- checkQuadrat -->
  <testcase name="checkCircl" time="0.001" classname="Tests.TestFigures.Figures"/>
  <testcase name="checkCircl" time="0.001" classname="Tests.TestFigures.Figures"/>
  <testcase name="checkCircl" time="0.002" classname="Tests.TestFigures.Figures">
    <failure type="org.testng.internal.reflect.MethodMatcherException" message="
[public void Tests.TestFigures.Figures.checkCircl(java.lang.Double)] has no parameters defined but was found to be using a data provider (either explicitly specified or inherited from class level annotation).
Data provider mismatch
Method: checkCircl([Parameter{index=0, type=java.lang.Double, declaredAnnotations=[]}])
Arguments: [(java.lang.Integer) 10000]">
      <![CDATA[org.testng.internal.reflect.MethodMatcherException: 
[public void Tests.TestFigures.Figures.checkCircl(java.lang.Double)] has no parameters defined but was found to be using a data provider (either explicitly specified or inherited from class level annotation).
Data provider mismatch
Method: checkCircl([Parameter{index=0, type=java.lang.Double, declaredAnnotations=[]}])
Arguments: [(java.lang.Integer) 10000]
at java.util.ArrayList.forEach(Unknown Source)
... Removed 22 stack frames]]>
    </failure>
  </testcase> <!-- checkCircl -->
  <testcase name="checkQuadrat" time="0.0" classname="Tests.TestFigures.Figures"/>
  <testcase name="checkQuadrat" time="0.0" classname="Tests.TestFigures.Figures"/>
  <testcase name="checkQuadrat" time="0.002" classname="Tests.TestFigures.Figures">
    <failure type="org.testng.internal.reflect.MethodMatcherException" message="
[public void Tests.TestFigures.Figures.checkQuadrat(java.lang.Double)] has no parameters defined but was found to be using a data provider (either explicitly specified or inherited from class level annotation).
Data provider mismatch
Method: checkQuadrat([Parameter{index=0, type=java.lang.Double, declaredAnnotations=[]}])
Arguments: [(java.lang.Integer) 10000]">
      <![CDATA[org.testng.internal.reflect.MethodMatcherException: 
[public void Tests.TestFigures.Figures.checkQuadrat(java.lang.Double)] has no parameters defined but was found to be using a data provider (either explicitly specified or inherited from class level annotation).
Data provider mismatch
Method: checkQuadrat([Parameter{index=0, type=java.lang.Double, declaredAnnotations=[]}])
Arguments: [(java.lang.Integer) 10000]
at java.util.ArrayList.forEach(Unknown Source)
... Removed 22 stack frames]]>
    </failure>
  </testcase> <!-- checkQuadrat -->
  <testcase name="checkRectangle" time="0.0" classname="Tests.TestFigures.Figures">
    <failure type="org.testng.internal.reflect.MethodMatcherException" message="
[public void Tests.TestFigures.Figures.checkRectangle(java.lang.Double,java.lang.Double)] has no parameters defined but was found to be using a data provider (either explicitly specified or inherited from class level annotation).
Data provider mismatch
Method: checkRectangle([Parameter{index=0, type=java.lang.Double, declaredAnnotations=[]}, Parameter{index=1, type=java.lang.Double, declaredAnnotations=[]}])
Arguments: [(java.lang.Double) 2.0]">
      <![CDATA[org.testng.internal.reflect.MethodMatcherException: 
[public void Tests.TestFigures.Figures.checkRectangle(java.lang.Double,java.lang.Double)] has no parameters defined but was found to be using a data provider (either explicitly specified or inherited from class level annotation).
Data provider mismatch
Method: checkRectangle([Parameter{index=0, type=java.lang.Double, declaredAnnotations=[]}, Parameter{index=1, type=java.lang.Double, declaredAnnotations=[]}])
Arguments: [(java.lang.Double) 2.0]
at java.util.ArrayList.forEach(Unknown Source)
... Removed 22 stack frames]]>
    </failure>
  </testcase> <!-- checkRectangle -->
</testsuite> <!-- testing -->
